11:29:56 **** Incremental Build of configuration Debug for project GestureTest ****
make -j8 all 
arm-none-eabi-gcc "../Core/Src/tof_lib.c" -mcpu=cortex-m0plus -std=gnu11 -g3 -DDEBUG -DUSE_HAL_DRIVER -DSTM32G071xx -c -I../Core/Inc -I../Platform -I../Drivers/STM32G0xx_HAL_Driver/Inc -I../VL53L5CX_ULD_API/inc -I../VL53L5CX_ULD_API/src -I../Drivers/STM32G0xx_HAL_Driver/Inc/Legacy -I../Drivers/CMSIS/Device/ST/STM32G0xx/Include -I../Drivers/CMSIS/Include -I../Drivers/STM32G0xx_HAL_Driver/Src -I"/home/adam/Documents/capstone/CaptstoneRepo/capstone/STM_Workspace/GestureTest/Cortex-M0plus" -O0 -ffunction-sections -fdata-sections -Wall -fstack-usage -fcyclomatic-complexity -MMD -MP -MF"Core/Src/tof_lib.d" -MT"Core/Src/tof_lib.o" --specs=nano.specs -mfloat-abi=soft -mthumb -o "Core/Src/tof_lib.o"
../Core/Src/tof_lib.c: In function 'select_target_index':
../Core/Src/tof_lib.c:70:42: error: 'VL53LMZ_NB_TARGET_PER_ZONE' undeclared (first use in this function); did you mean 'VL53L5CX_NB_TARGET_PER_ZONE'?
   70 |         target_indices[0] = zone_index * VL53LMZ_NB_TARGET_PER_ZONE;
      |                                          ^~~~~~~~~~~~~~~~~~~~~~~~~~
      |                                          VL53L5CX_NB_TARGET_PER_ZONE
../Core/Src/tof_lib.c:70:42: note: each undeclared identifier is reported only once for each function it appears in
../Core/Src/tof_lib.c: In function 'SEN_CopyRangingData':
../Core/Src/tof_lib.c:82:31: warning: implicit declaration of function 'GET_TIME_STAMP' [-Wimplicit-function-declaration]
   82 |         pDest->timestamp_ms = GET_TIME_STAMP();
      |                               ^~~~~~~~~~~~~~
make: *** [Core/Src/subdir.mk:37: Core/Src/tof_lib.o] Error 1
"make -j8 all" terminated with exit code 2. Build might be incomplete.
11:32:50 **** Incremental Build of configuration Debug for project GestureTest ****
make -j8 all 
arm-none-eabi-gcc "../Core/Src/tof_lib.c" -mcpu=cortex-m0plus -std=gnu11 -g3 -DDEBUG -DUSE_HAL_DRIVER -DSTM32G071xx -c -I../Core/Inc -I../Platform -I../Drivers/STM32G0xx_HAL_Driver/Inc -I../VL53L5CX_ULD_API/inc -I../VL53L5CX_ULD_API/src -I../Drivers/STM32G0xx_HAL_Driver/Inc/Legacy -I../Drivers/CMSIS/Device/ST/STM32G0xx/Include -I../Drivers/CMSIS/Include -I../Drivers/STM32G0xx_HAL_Driver/Src -I"/home/adam/Documents/capstone/CaptstoneRepo/capstone/STM_Workspace/GestureTest/Cortex-M0plus" -O0 -ffunction-sections -fdata-sections -Wall -fstack-usage -fcyclomatic-complexity -MMD -MP -MF"Core/Src/tof_lib.d" -MT"Core/Src/tof_lib.o" --specs=nano.specs -mfloat-abi=soft -mthumb -o "Core/Src/tof_lib.o"
../Core/Src/tof_lib.c: In function 'SEN_CopyRangingData':
../Core/Src/tof_lib.c:82:31: warning: implicit declaration of function 'GET_TIME_STAMP' [-Wimplicit-function-declaration]
   82 |         pDest->timestamp_ms = GET_TIME_STAMP();
      |                               ^~~~~~~~~~~~~~
arm-none-eabi-gcc -o "GestureTest.elf" @"objects.list" /home/adam/Documents/capstone/CaptstoneRepo/capstone/STM_Workspace/GestureTest/Cortex-M0plus/libGesturesMZ_m0plus.a  -mcpu=cortex-m0plus -T"/home/adam/Documents/capstone/CaptstoneRepo/capstone/STM_Workspace/GestureTest/STM32G071RBTX_FLASH.ld" --specs=nosys.specs -Wl,-Map="GestureTest.map" -Wl,--gc-sections -static -L"/home/adam/Documents/capstone/CaptstoneRepo/capstone/STM_Workspace/GestureTest/Cortex-M0plus" --specs=nano.specs -mfloat-abi=soft -mthumb -Wl,--start-group -lc -lm -Wl,--end-group
/opt/st/stm32cubeide_1.13.2/plugins/com.st.stm32cube.ide.mcu.externaltools.gnu-tools-for-stm32.11.3.rel1.linux64_1.1.1.202309131626/tools/bin/../lib/gcc/arm-none-eabi/11.3.1/../../../../arm-none-eabi/bin/ld: ./Core/Src/tof_lib.o: in function `init_tof':
/home/adam/Documents/capstone/CaptstoneRepo/capstone/STM_Workspace/GestureTest/Debug/../Core/Src/tof_lib.c:39: undefined reference to `hand_tracker'
/opt/st/stm32cubeide_1.13.2/plugins/com.st.stm32cube.ide.mcu.externaltools.gnu-tools-for-stm32.11.3.rel1.linux64_1.1.1.202309131626/tools/bin/../lib/gcc/arm-none-eabi/11.3.1/../../../../arm-none-eabi/bin/ld: /home/adam/Documents/capstone/CaptstoneRepo/capstone/STM_Workspace/GestureTest/Debug/../Core/Src/tof_lib.c:39: undefined reference to `gest_predictor'
collect2: error: ld returned 1 exit status
make: *** [makefile:66: GestureTest.elf] Error 1
"make -j8 all" terminated with exit code 2. Build might be incomplete.
11:33:32 **** Incremental Build of configuration Debug for project GestureTest ****
make -j8 all 
arm-none-eabi-gcc "../Core/Src/main.c" -mcpu=cortex-m0plus -std=gnu11 -g3 -DDEBUG -DUSE_HAL_DRIVER -DSTM32G071xx -c -I../Core/Inc -I../Platform -I../Drivers/STM32G0xx_HAL_Driver/Inc -I../VL53L5CX_ULD_API/inc -I../VL53L5CX_ULD_API/src -I../Drivers/STM32G0xx_HAL_Driver/Inc/Legacy -I../Drivers/CMSIS/Device/ST/STM32G0xx/Include -I../Drivers/CMSIS/Include -I../Drivers/STM32G0xx_HAL_Driver/Src -I"/home/adam/Documents/capstone/CaptstoneRepo/capstone/STM_Workspace/GestureTest/Cortex-M0plus" -O0 -ffunction-sections -fdata-sections -Wall -fstack-usage -fcyclomatic-complexity -MMD -MP -MF"Core/Src/main.d" -MT"Core/Src/main.o" --specs=nano.specs -mfloat-abi=soft -mthumb -o "Core/Src/main.o"
arm-none-eabi-gcc -o "GestureTest.elf" @"objects.list" /home/adam/Documents/capstone/CaptstoneRepo/capstone/STM_Workspace/GestureTest/Cortex-M0plus/libGesturesMZ_m0plus.a  -mcpu=cortex-m0plus -T"/home/adam/Documents/capstone/CaptstoneRepo/capstone/STM_Workspace/GestureTest/STM32G071RBTX_FLASH.ld" --specs=nosys.specs -Wl,-Map="GestureTest.map" -Wl,--gc-sections -static -L"/home/adam/Documents/capstone/CaptstoneRepo/capstone/STM_Workspace/GestureTest/Cortex-M0plus" --specs=nano.specs -mfloat-abi=soft -mthumb -Wl,--start-group -lc -lm -Wl,--end-group
Finished building target: GestureTest.elf
 
arm-none-eabi-size   GestureTest.elf 
arm-none-eabi-objdump -h -S  GestureTest.elf  > "GestureTest.list"
   text	   data	    bss	    dec	    hex	filename
 123036	    120	  11376	 134532	  20d84	GestureTest.elf
Finished building: default.size.stdout
 
Finished building: GestureTest.list
 
11:35:49 **** Incremental Build of configuration Debug for project GestureTest ****
make -j8 all 
arm-none-eabi-gcc "../Core/Src/main.c" -mcpu=cortex-m0plus -std=gnu11 -g3 -DDEBUG -DUSE_HAL_DRIVER -DSTM32G071xx -c -I../Core/Inc -I../Platform -I../Drivers/STM32G0xx_HAL_Driver/Inc -I../VL53L5CX_ULD_API/inc -I../VL53L5CX_ULD_API/src -I../Drivers/STM32G0xx_HAL_Driver/Inc/Legacy -I../Drivers/CMSIS/Device/ST/STM32G0xx/Include -I../Drivers/CMSIS/Include -I../Drivers/STM32G0xx_HAL_Driver/Src -I"/home/adam/Documents/capstone/CaptstoneRepo/capstone/STM_Workspace/GestureTest/Cortex-M0plus" -O0 -ffunction-sections -fdata-sections -Wall -fstack-usage -fcyclomatic-complexity -MMD -MP -MF"Core/Src/main.d" -MT"Core/Src/main.o" --specs=nano.specs -mfloat-abi=soft -mthumb -o "Core/Src/main.o"
arm-none-eabi-gcc "../Core/Src/tof_lib.c" -mcpu=cortex-m0plus -std=gnu11 -g3 -DDEBUG -DUSE_HAL_DRIVER -DSTM32G071xx -c -I../Core/Inc -I../Platform -I../Drivers/STM32G0xx_HAL_Driver/Inc -I../VL53L5CX_ULD_API/inc -I../VL53L5CX_ULD_API/src -I../Drivers/STM32G0xx_HAL_Driver/Inc/Legacy -I../Drivers/CMSIS/Device/ST/STM32G0xx/Include -I../Drivers/CMSIS/Include -I../Drivers/STM32G0xx_HAL_Driver/Src -I"/home/adam/Documents/capstone/CaptstoneRepo/capstone/STM_Workspace/GestureTest/Cortex-M0plus" -O0 -ffunction-sections -fdata-sections -Wall -fstack-usage -fcyclomatic-complexity -MMD -MP -MF"Core/Src/tof_lib.d" -MT"Core/Src/tof_lib.o" --specs=nano.specs -mfloat-abi=soft -mthumb -o "Core/Src/tof_lib.o"
../Core/Src/tof_lib.c: In function 'SEN_CopyRangingData':
../Core/Src/tof_lib.c:82:31: warning: implicit declaration of function 'GET_TIME_STAMP' [-Wimplicit-function-declaration]
   82 |         pDest->timestamp_ms = GET_TIME_STAMP();
      |                               ^~~~~~~~~~~~~~
arm-none-eabi-gcc -o "GestureTest.elf" @"objects.list" /home/adam/Documents/capstone/CaptstoneRepo/capstone/STM_Workspace/GestureTest/Cortex-M0plus/libGesturesMZ_m0plus.a  -mcpu=cortex-m0plus -T"/home/adam/Documents/capstone/CaptstoneRepo/capstone/STM_Workspace/GestureTest/STM32G071RBTX_FLASH.ld" --specs=nosys.specs -Wl,-Map="GestureTest.map" -Wl,--gc-sections -static -L"/home/adam/Documents/capstone/CaptstoneRepo/capstone/STM_Workspace/GestureTest/Cortex-M0plus" --specs=nano.specs -mfloat-abi=soft -mthumb -Wl,--start-group -lc -lm -Wl,--end-group
Finished building target: GestureTest.elf
 
arm-none-eabi-size   GestureTest.elf 
arm-none-eabi-objdump -h -S  GestureTest.elf  > "GestureTest.list"
   text	   data	    bss	    dec	    hex	filename
 112296	     20	   5900	 118216	  1cdc8	GestureTest.elf
Finished building: default.size.stdout
 
Finished building: GestureTest.list
 
11:43:36 **** Incremental Build of configuration Debug for project GestureTest ****
make -j8 all 
arm-none-eabi-gcc "../Core/Src/main.c" -mcpu=cortex-m0plus -std=gnu11 -g3 -DDEBUG -DUSE_HAL_DRIVER -DSTM32G071xx -c -I../Core/Inc -I../Platform -I../Drivers/STM32G0xx_HAL_Driver/Inc -I../VL53L5CX_ULD_API/inc -I../VL53L5CX_ULD_API/src -I../Drivers/STM32G0xx_HAL_Driver/Inc/Legacy -I../Drivers/CMSIS/Device/ST/STM32G0xx/Include -I../Drivers/CMSIS/Include -I../Drivers/STM32G0xx_HAL_Driver/Src -I"/home/adam/Documents/capstone/CaptstoneRepo/capstone/STM_Workspace/GestureTest/Cortex-M0plus" -O0 -ffunction-sections -fdata-sections -Wall -fstack-usage -fcyclomatic-complexity -MMD -MP -MF"Core/Src/main.d" -MT"Core/Src/main.o" --specs=nano.specs -mfloat-abi=soft -mthumb -o "Core/Src/main.o"
arm-none-eabi-gcc "../Core/Src/tof_lib.c" -mcpu=cortex-m0plus -std=gnu11 -g3 -DDEBUG -DUSE_HAL_DRIVER -DSTM32G071xx -c -I../Core/Inc -I../Platform -I../Drivers/STM32G0xx_HAL_Driver/Inc -I../VL53L5CX_ULD_API/inc -I../VL53L5CX_ULD_API/src -I../Drivers/STM32G0xx_HAL_Driver/Inc/Legacy -I../Drivers/CMSIS/Device/ST/STM32G0xx/Include -I../Drivers/CMSIS/Include -I../Drivers/STM32G0xx_HAL_Driver/Src -I"/home/adam/Documents/capstone/CaptstoneRepo/capstone/STM_Workspace/GestureTest/Cortex-M0plus" -O0 -ffunction-sections -fdata-sections -Wall -fstack-usage -fcyclomatic-complexity -MMD -MP -MF"Core/Src/tof_lib.d" -MT"Core/Src/tof_lib.o" --specs=nano.specs -mfloat-abi=soft -mthumb -o "Core/Src/tof_lib.o"
arm-none-eabi-gcc -o "GestureTest.elf" @"objects.list" /home/adam/Documents/capstone/CaptstoneRepo/capstone/STM_Workspace/GestureTest/Cortex-M0plus/libGesturesMZ_m0plus.a  -mcpu=cortex-m0plus -T"/home/adam/Documents/capstone/CaptstoneRepo/capstone/STM_Workspace/GestureTest/STM32G071RBTX_FLASH.ld" --specs=nosys.specs -Wl,-Map="GestureTest.map" -Wl,--gc-sections -static -L"/home/adam/Documents/capstone/CaptstoneRepo/capstone/STM_Workspace/GestureTest/Cortex-M0plus" --specs=nano.specs -mfloat-abi=soft -mthumb -Wl,--start-group -lc -lm -Wl,--end-group
Finished building target: GestureTest.elf
 
arm-none-eabi-size   GestureTest.elf 
arm-none-eabi-objdump -h -S  GestureTest.elf  > "GestureTest.list"
   text	   data	    bss	    dec	    hex	filename
 112296	     20	   5900	 118216	  1cdc8	GestureTest.elf
Finished building: default.size.stdout
 
Finished building: GestureTest.list
 
11:44:05 **** Incremental Build of configuration Debug for project GestureTest ****
make -j8 all 
arm-none-eabi-gcc "../Core/Src/tof_lib.c" -mcpu=cortex-m0plus -std=gnu11 -g3 -DDEBUG -DUSE_HAL_DRIVER -DSTM32G071xx -c -I../Core/Inc -I../Platform -I../Drivers/STM32G0xx_HAL_Driver/Inc -I../VL53L5CX_ULD_API/inc -I../VL53L5CX_ULD_API/src -I../Drivers/STM32G0xx_HAL_Driver/Inc/Legacy -I../Drivers/CMSIS/Device/ST/STM32G0xx/Include -I../Drivers/CMSIS/Include -I../Drivers/STM32G0xx_HAL_Driver/Src -I"/home/adam/Documents/capstone/CaptstoneRepo/capstone/STM_Workspace/GestureTest/Cortex-M0plus" -O0 -ffunction-sections -fdata-sections -Wall -fstack-usage -fcyclomatic-complexity -MMD -MP -MF"Core/Src/tof_lib.d" -MT"Core/Src/tof_lib.o" --specs=nano.specs -mfloat-abi=soft -mthumb -o "Core/Src/tof_lib.o"
arm-none-eabi-gcc -o "GestureTest.elf" @"objects.list" /home/adam/Documents/capstone/CaptstoneRepo/capstone/STM_Workspace/GestureTest/Cortex-M0plus/libGesturesMZ_m0plus.a  -mcpu=cortex-m0plus -T"/home/adam/Documents/capstone/CaptstoneRepo/capstone/STM_Workspace/GestureTest/STM32G071RBTX_FLASH.ld" --specs=nosys.specs -Wl,-Map="GestureTest.map" -Wl,--gc-sections -static -L"/home/adam/Documents/capstone/CaptstoneRepo/capstone/STM_Workspace/GestureTest/Cortex-M0plus" --specs=nano.specs -mfloat-abi=soft -mthumb -Wl,--start-group -lc -lm -Wl,--end-group
Finished building target: GestureTest.elf
 
arm-none-eabi-size   GestureTest.elf 
arm-none-eabi-objdump -h -S  GestureTest.elf  > "GestureTest.list"
   text	   data	    bss	    dec	    hex	filename
 112296	     20	   5900	 118216	  1cdc8	GestureTest.elf
Finished building: default.size.stdout
 
Finished building: GestureTest.list
 
11:44:32 **** Incremental Build of configuration Debug for project GestureTest ****
make -j8 all 
arm-none-eabi-gcc -o "GestureTest.elf" @"objects.list" /home/adam/Documents/capstone/CaptstoneRepo/capstone/STM_Workspace/GestureTest/Cortex-M0plus/libGesturesMZ_m0plus.a  -mcpu=cortex-m0plus -T"/home/adam/Documents/capstone/CaptstoneRepo/capstone/STM_Workspace/GestureTest/STM32G071RBTX_FLASH.ld" --specs=nosys.specs -Wl,-Map="GestureTest.map" -Wl,--gc-sections -static -L"/home/adam/Documents/capstone/CaptstoneRepo/capstone/STM_Workspace/GestureTest/Cortex-M0plus" --specs=nano.specs -mfloat-abi=soft -mthumb -Wl,--start-group -lc -lm -Wl,--end-group
Finished building target: GestureTest.elf
 
arm-none-eabi-size   GestureTest.elf 
arm-none-eabi-objdump -h -S  GestureTest.elf  > "GestureTest.list"
   text	   data	    bss	    dec	    hex	filename
 112296	     20	   5900	 118216	  1cdc8	GestureTest.elf
Finished building: default.size.stdout
 
Finished building: GestureTest.list
 
11:44:51 **** Incremental Build of configuration Debug for project GestureTest ****
make -j8 all 
arm-none-eabi-size   GestureTest.elf 
   text	   data	    bss	    dec	    hex	filename
 112296	     20	   5900	 118216	  1cdc8	GestureTest.elf
Finished building: default.size.stdout
 
11:45:08 **** Incremental Build of configuration Debug for project GestureTest ****
make -j8 all 
arm-none-eabi-size   GestureTest.elf 
   text	   data	    bss	    dec	    hex	filename
 112296	     20	   5900	 118216	  1cdc8	GestureTest.elf
Finished building: default.size.stdout
 
11:47:16 **** Incremental Build of configuration Debug for project GestureTest ****
make -j8 all 
arm-none-eabi-gcc "../Core/Src/main.c" -mcpu=cortex-m0plus -std=gnu11 -g3 -DDEBUG -DUSE_HAL_DRIVER -DSTM32G071xx -c -I../Core/Inc -I../Platform -I../Drivers/STM32G0xx_HAL_Driver/Inc -I../VL53L5CX_ULD_API/inc -I../VL53L5CX_ULD_API/src -I../Drivers/STM32G0xx_HAL_Driver/Inc/Legacy -I../Drivers/CMSIS/Device/ST/STM32G0xx/Include -I../Drivers/CMSIS/Include -I../Drivers/STM32G0xx_HAL_Driver/Src -I"/home/adam/Documents/capstone/CaptstoneRepo/capstone/STM_Workspace/GestureTest/Cortex-M0plus" -O0 -ffunction-sections -fdata-sections -Wall -fstack-usage -fcyclomatic-complexity -MMD -MP -MF"Core/Src/main.d" -MT"Core/Src/main.o" --specs=nano.specs -mfloat-abi=soft -mthumb -o "Core/Src/main.o"
arm-none-eabi-gcc -o "GestureTest.elf" @"objects.list" /home/adam/Documents/capstone/CaptstoneRepo/capstone/STM_Workspace/GestureTest/Cortex-M0plus/libGesturesMZ_m0plus.a  -mcpu=cortex-m0plus -T"/home/adam/Documents/capstone/CaptstoneRepo/capstone/STM_Workspace/GestureTest/STM32G071RBTX_FLASH.ld" --specs=nosys.specs -Wl,-Map="GestureTest.map" -Wl,--gc-sections -static -L"/home/adam/Documents/capstone/CaptstoneRepo/capstone/STM_Workspace/GestureTest/Cortex-M0plus" --specs=nano.specs -mfloat-abi=soft -mthumb -Wl,--start-group -lc -lm -Wl,--end-group
Finished building target: GestureTest.elf
 
arm-none-eabi-size   GestureTest.elf 
arm-none-eabi-objdump -h -S  GestureTest.elf  > "GestureTest.list"
   text	   data	    bss	    dec	    hex	filename
 112868	     20	   5900	 118788	  1d004	GestureTest.elf
Finished building: default.size.stdout
 
Finished building: GestureTest.list
 
